<?xml version="1.0" encoding="UTF-8"?>
<testng-results ignored="0" total="2" passed="2" failed="0" skipped="0">
  <reporter-output>
  </reporter-output>
  <suite started-at="2024-02-11T01:13:53 CST" name="Default suite" finished-at="2024-02-11T01:13:54 CST" duration-ms="1103">
    <groups>
    </groups>
    <test started-at="2024-02-11T01:13:53 CST" name="Default test" finished-at="2024-02-11T01:13:54 CST" duration-ms="1103">
      <class name="Practice.CookiesAndHeaders">
        <test-method signature="testCookies()[pri:1, instance:Practice.CookiesAndHeaders@4c9f8c13]" started-at="2024-02-11T01:13:53 CST" name="testCookies" finished-at="2024-02-11T01:13:54 CST" duration-ms="873" status="PASS">
          <reporter-output>
          </reporter-output>
        </test-method> <!-- testCookies -->
        <test-method signature="getCookies()[pri:2, instance:Practice.CookiesAndHeaders@4c9f8c13]" started-at="2024-02-11T01:13:54 CST" name="getCookies" finished-at="2024-02-11T01:13:54 CST" duration-ms="209" status="PASS">
          <reporter-output>
          </reporter-output>
        </test-method> <!-- getCookies -->
      </class> <!-- Practice.CookiesAndHeaders -->
    </test> <!-- Default test -->
  </suite> <!-- Default suite -->
</testng-results>
